Building custom local charts from [map[account-operator:charts/account-operator] map[security-operator:charts/security-operator] map[extension-manager-operator:charts/extension-manager-operator] map[infra:charts/infra] map[rebac-authz-webhook:charts/rebac-authz-webhook] map[platform-mesh:charts/platform-mesh-operator] map[platform-mesh-operator:charts/platform-mesh-operator] map[kubernetes-graphql-gateway:charts/kubernetes-graphql-gateway] map[virtual-workspaces:charts/virtual-workspaces] map[platform-mesh-operator-components:charts/platform-mesh-operator-components] map[keycloak-new:charts/keycloak-new]]
Processing charts/account-operator
COMPONENT_NAME from component-constructor-prerelease.yaml: 'github.com/platform-mesh/account-operator'
Component: github.com/platform-mesh/account-operator (chart dir: charts/account-operator)
Pushing /home/akafazov/src/github.com/platform-mesh/helm-charts/account-operator-0.9.28.tgz to local oci registry...
Pushed: oci-registry-docker-registry.registry.svc.cluster.local/platform-mesh/account-operator:0.9.28
Digest: sha256:1c492743a4c0922c389762e6c0a888ffcfffe7e8c43571fe990ce24ab51efc6e
Pushed /home/akafazov/src/github.com/platform-mesh/helm-charts/account-operator-0.9.28.tgz to local oci registry

VERSION=0.9.28
APP_VERSION=v0.4.1
IMAGE_NAME=ghcr.io/platform-mesh/account-operator
COMMIT=a176ed9555bf54d5b644019a70d65f569d7b1be7
IMAGE_REPO_SHA=
CHART_REPO=github.com/platform-mesh/account-operator
COMPONENT_NAME=github.com/platform-mesh/account-operator
CHART_OCI_PATH=oci://oci-registry-docker-registry.registry.svc.cluster.local/platform-mesh/account-operator
LOCAL_CHART_PATH=../charts/account-operator

Adding component: github.com/platform-mesh/account-operator version 0.9.28
processing .ocm/component-constructor.yaml...
  processing document 1...
    processing index 1
found 1 component
adding component github.com/platform-mesh/account-operator:0.9.28...
  adding source git: "name"="source","version"="v0.4.1"...
  adding source git: "name"="chart","version"="0.9.28"...
  adding resource helmChart: "name"="chart","version"="0.9.28"...
  adding resource ociImage: "name"="image","version"="v0.4.1"...
Done: github.com/platform-mesh/account-operator

Processing charts/security-operator
COMPONENT_NAME from component-constructor-prerelease.yaml: 'github.com/platform-mesh/security-operator'
Component: github.com/platform-mesh/security-operator (chart dir: charts/security-operator)
Pushing /home/akafazov/src/github.com/platform-mesh/helm-charts/security-operator-0.11.3.tgz to local oci registry...
Pushed: oci-registry-docker-registry.registry.svc.cluster.local/platform-mesh/security-operator:0.11.3
Digest: sha256:489e2e166be3c2611822eb802f1f047209d80ac93df8e28475bc53a622baf4cb
Pushed /home/akafazov/src/github.com/platform-mesh/helm-charts/security-operator-0.11.3.tgz to local oci registry

VERSION=0.11.3
APP_VERSION=v0.3.3
IMAGE_NAME=ghcr.io/platform-mesh/security-operator
COMMIT=a176ed9555bf54d5b644019a70d65f569d7b1be7
IMAGE_REPO_SHA=
CHART_REPO=github.com/platform-mesh/security-operator
COMPONENT_NAME=github.com/platform-mesh/security-operator
CHART_OCI_PATH=oci://oci-registry-docker-registry.registry.svc.cluster.local/platform-mesh/security-operator
LOCAL_CHART_PATH=../charts/security-operator

Adding component: github.com/platform-mesh/security-operator version 0.11.3
processing .ocm/component-constructor.yaml...
  processing document 1...
    processing index 1
found 1 component
adding component github.com/platform-mesh/security-operator:0.11.3...
  adding source git: "name"="source","version"="v0.3.3"...
  adding source git: "name"="chart","version"="0.11.3"...
  adding resource helmChart: "name"="chart","version"="0.11.3"...
  adding resource ociImage: "name"="image","version"="v0.3.3"...
Done: github.com/platform-mesh/security-operator

Processing charts/extension-manager-operator
COMPONENT_NAME from component-constructor-prerelease.yaml: 'github.com/platform-mesh/extension-manager-operator'
Component: github.com/platform-mesh/extension-manager-operator (chart dir: charts/extension-manager-operator)
Pushing /home/akafazov/src/github.com/platform-mesh/helm-charts/extension-manager-operator-0.30.128.tgz to local oci registry...
Pushed: oci-registry-docker-registry.registry.svc.cluster.local/platform-mesh/extension-manager-operator:0.30.128
Digest: sha256:88c52aa9036b3b2ac9dace2213a11056603e156852763743b037494443815250
Pushed /home/akafazov/src/github.com/platform-mesh/helm-charts/extension-manager-operator-0.30.128.tgz to local oci registry

VERSION=0.30.128
APP_VERSION=v0.0.35
IMAGE_NAME=ghcr.io/platform-mesh/extension-manager-operator
COMMIT=a176ed9555bf54d5b644019a70d65f569d7b1be7
IMAGE_REPO_SHA=
CHART_REPO=github.com/platform-mesh/extension-manager-operator
COMPONENT_NAME=github.com/platform-mesh/extension-manager-operator
CHART_OCI_PATH=oci://oci-registry-docker-registry.registry.svc.cluster.local/platform-mesh/extension-manager-operator
LOCAL_CHART_PATH=../charts/extension-manager-operator

Adding component: github.com/platform-mesh/extension-manager-operator version 0.30.128
processing .ocm/component-constructor.yaml...
  processing document 1...
    processing index 1
found 1 component
adding component github.com/platform-mesh/extension-manager-operator:0.30.128...
  adding source git: "name"="source","version"="v0.0.35"...
  adding source git: "name"="chart","version"="0.30.128"...
  adding resource helmChart: "name"="chart","version"="0.30.128"...
  adding resource ociImage: "name"="image","version"="v0.0.35"...
Done: github.com/platform-mesh/extension-manager-operator

Processing charts/infra
COMPONENT_NAME from component-constructor-prerelease.yaml: 'github.com/platform-mesh/infra'
Component: github.com/platform-mesh/infra (chart dir: charts/infra)
Pushing /home/akafazov/src/github.com/platform-mesh/helm-charts/infra-0.4.0.tgz to local oci registry...
Pushed: oci-registry-docker-registry.registry.svc.cluster.local/platform-mesh/infra:0.4.0
Digest: sha256:1a99f385b351acfda5f33b8f0c949fd16e881027c1dcb3e28f7a56d2b4f9916e
Pushed /home/akafazov/src/github.com/platform-mesh/helm-charts/infra-0.4.0.tgz to local oci registry

VERSION=0.4.0
APP_VERSION=0.0.0
IMAGE_NAME=
COMMIT=a176ed9555bf54d5b644019a70d65f569d7b1be7
IMAGE_REPO_SHA=
CHART_REPO=github.com/platform-mesh/infra
COMPONENT_NAME=github.com/platform-mesh/infra
CHART_OCI_PATH=oci://oci-registry-docker-registry.registry.svc.cluster.local/platform-mesh/infra
LOCAL_CHART_PATH=../charts/infra

Adding component: github.com/platform-mesh/infra version 0.4.0
Using ocm-constructor-file: .ocm/component-constructor-chart-only.yaml
processing .ocm/component-constructor-chart-only.yaml...
  processing document 1...
    processing index 1
found 1 component
adding component github.com/platform-mesh/infra:0.4.0...
  adding source git: "name"="chart","version"="0.4.0"...
  adding resource helmChart: "name"="chart","version"="0.4.0"...
Done: github.com/platform-mesh/infra

Processing charts/rebac-authz-webhook
COMPONENT_NAME from component-constructor-prerelease.yaml: 'github.com/platform-mesh/rebac-authz-webhook'
Component: github.com/platform-mesh/rebac-authz-webhook (chart dir: charts/rebac-authz-webhook)
Pushing /home/akafazov/src/github.com/platform-mesh/helm-charts/rebac-authz-webhook-0.9.31.tgz to local oci registry...
Pushed: oci-registry-docker-registry.registry.svc.cluster.local/platform-mesh/rebac-authz-webhook:0.9.31
Digest: sha256:75e2a9cbaeed84d2baa6d9b5b20ec692e1241de44d40494fdc057a5148a7aa8e
Pushed /home/akafazov/src/github.com/platform-mesh/helm-charts/rebac-authz-webhook-0.9.31.tgz to local oci registry

VERSION=0.9.31
APP_VERSION=v0.2.36
IMAGE_NAME=ghcr.io/platform-mesh/rebac-authz-webhook
COMMIT=a176ed9555bf54d5b644019a70d65f569d7b1be7
IMAGE_REPO_SHA=
CHART_REPO=github.com/platform-mesh/rebac-authz-webhook
COMPONENT_NAME=github.com/platform-mesh/rebac-authz-webhook
CHART_OCI_PATH=oci://oci-registry-docker-registry.registry.svc.cluster.local/platform-mesh/rebac-authz-webhook
LOCAL_CHART_PATH=../charts/rebac-authz-webhook

Adding component: github.com/platform-mesh/rebac-authz-webhook version 0.9.31
processing .ocm/component-constructor.yaml...
  processing document 1...
    processing index 1
found 1 component
adding component github.com/platform-mesh/rebac-authz-webhook:0.9.31...
  adding source git: "name"="source","version"="v0.2.36"...
  adding source git: "name"="chart","version"="0.9.31"...
  adding resource helmChart: "name"="chart","version"="0.9.31"...
  adding resource ociImage: "name"="image","version"="v0.2.36"...
Done: github.com/platform-mesh/rebac-authz-webhook

Processing charts/platform-mesh-operator
COMPONENT_NAME from component-constructor-prerelease.yaml: ''
Processing charts/platform-mesh-operator
COMPONENT_NAME from component-constructor-prerelease.yaml: 'github.com/platform-mesh/platform-mesh-operator'
Component: github.com/platform-mesh/platform-mesh-operator (chart dir: charts/platform-mesh-operator)
Pushing /home/akafazov/src/github.com/platform-mesh/helm-charts/platform-mesh-operator-0.5.33.tgz to local oci registry...
Pushed: oci-registry-docker-registry.registry.svc.cluster.local/platform-mesh/platform-mesh-operator:0.5.33
Digest: sha256:9223745547144d8305b3f0e89d85f55c4af2498ce60847d9263b24d8b91a96cb
Pushed /home/akafazov/src/github.com/platform-mesh/helm-charts/platform-mesh-operator-0.5.33.tgz to local oci registry

VERSION=0.5.33
APP_VERSION=v0.11.0
IMAGE_NAME=ghcr.io/platform-mesh/platform-mesh-operator
COMMIT=a176ed9555bf54d5b644019a70d65f569d7b1be7
IMAGE_REPO_SHA=
CHART_REPO=github.com/platform-mesh/platform-mesh-operator
COMPONENT_NAME=github.com/platform-mesh/platform-mesh-operator
CHART_OCI_PATH=oci://oci-registry-docker-registry.registry.svc.cluster.local/platform-mesh/platform-mesh-operator
LOCAL_CHART_PATH=../charts/platform-mesh-operator

Adding component: github.com/platform-mesh/platform-mesh-operator version 0.5.33
processing .ocm/component-constructor.yaml...
  processing document 1...
    processing index 1
found 1 component
adding component github.com/platform-mesh/platform-mesh-operator:0.5.33...
  adding source git: "name"="source","version"="v0.11.0"...
  adding source git: "name"="chart","version"="0.5.33"...
  adding resource helmChart: "name"="chart","version"="0.5.33"...
  adding resource ociImage: "name"="image","version"="v0.11.0"...
Done: github.com/platform-mesh/platform-mesh-operator

Processing charts/kubernetes-graphql-gateway
COMPONENT_NAME from component-constructor-prerelease.yaml: 'github.com/platform-mesh/kubernetes-graphql-gateway'
Component: github.com/platform-mesh/kubernetes-graphql-gateway (chart dir: charts/kubernetes-graphql-gateway)
Pushing /home/akafazov/src/github.com/platform-mesh/helm-charts/kubernetes-graphql-gateway-0.21.2.tgz to local oci registry...
Pushed: oci-registry-docker-registry.registry.svc.cluster.local/platform-mesh/kubernetes-graphql-gateway:0.21.2
Digest: sha256:b304fc189cdc934ce6e3c7b1b178cb128aff955b9304a3adfa612118e21ef7af
Pushed /home/akafazov/src/github.com/platform-mesh/helm-charts/kubernetes-graphql-gateway-0.21.2.tgz to local oci registry

VERSION=0.21.2
APP_VERSION=v0.1.35
IMAGE_NAME=ghcr.io/platform-mesh/kubernetes-graphql-gateway
COMMIT=a176ed9555bf54d5b644019a70d65f569d7b1be7
IMAGE_REPO_SHA=
CHART_REPO=github.com/platform-mesh/kubernetes-graphql-gateway
COMPONENT_NAME=github.com/platform-mesh/kubernetes-graphql-gateway
CHART_OCI_PATH=oci://oci-registry-docker-registry.registry.svc.cluster.local/platform-mesh/kubernetes-graphql-gateway
LOCAL_CHART_PATH=../charts/kubernetes-graphql-gateway

Adding component: github.com/platform-mesh/kubernetes-graphql-gateway version 0.21.2
processing .ocm/component-constructor.yaml...
  processing document 1...
    processing index 1
found 1 component
adding component github.com/platform-mesh/kubernetes-graphql-gateway:0.21.2...
  adding source git: "name"="source","version"="v0.1.35"...
  adding source git: "name"="chart","version"="0.21.2"...
  adding resource helmChart: "name"="chart","version"="0.21.2"...
  adding resource ociImage: "name"="image","version"="v0.1.35"...
Done: github.com/platform-mesh/kubernetes-graphql-gateway

Processing charts/virtual-workspaces
COMPONENT_NAME from component-constructor-prerelease.yaml: 'github.com/platform-mesh/virtual-workspaces'
Component: github.com/platform-mesh/virtual-workspaces (chart dir: charts/virtual-workspaces)
Pushing /home/akafazov/src/github.com/platform-mesh/helm-charts/virtual-workspaces-0.2.4.tgz to local oci registry...
Pushed: oci-registry-docker-registry.registry.svc.cluster.local/platform-mesh/virtual-workspaces:0.2.4
Digest: sha256:79ca3b073c4ee8f0c9fa64ced13e391fab0c5601bd4e16b97f393c7a8d96d3c1
Pushed /home/akafazov/src/github.com/platform-mesh/helm-charts/virtual-workspaces-0.2.4.tgz to local oci registry

VERSION=0.2.4
APP_VERSION=v0.7.0
IMAGE_NAME=ghcr.io/platform-mesh/virtual-workspaces
COMMIT=a176ed9555bf54d5b644019a70d65f569d7b1be7
IMAGE_REPO_SHA=
CHART_REPO=github.com/platform-mesh/virtual-workspaces
COMPONENT_NAME=github.com/platform-mesh/virtual-workspaces
CHART_OCI_PATH=oci://oci-registry-docker-registry.registry.svc.cluster.local/platform-mesh/virtual-workspaces
LOCAL_CHART_PATH=../charts/virtual-workspaces

Adding component: github.com/platform-mesh/virtual-workspaces version 0.2.4
processing .ocm/component-constructor.yaml...
  processing document 1...
    processing index 1
found 1 component
adding component github.com/platform-mesh/virtual-workspaces:0.2.4...
  adding source git: "name"="source","version"="v0.7.0"...
  adding source git: "name"="chart","version"="0.2.4"...
  adding resource helmChart: "name"="chart","version"="0.2.4"...
  adding resource ociImage: "name"="image","version"="v0.7.0"...
Done: github.com/platform-mesh/virtual-workspaces

Processing charts/platform-mesh-operator-components
COMPONENT_NAME from component-constructor-prerelease.yaml: 'github.com/platform-mesh/platform-mesh-operator-components'
Component: github.com/platform-mesh/platform-mesh-operator-components (chart dir: charts/platform-mesh-operator-components)
Pushing /home/akafazov/src/github.com/platform-mesh/helm-charts/platform-mesh-operator-components-0.19.0.tgz to local oci registry...
Pushed: oci-registry-docker-registry.registry.svc.cluster.local/platform-mesh/platform-mesh-operator-components:0.19.0
Digest: sha256:e35f5c2d2dbacc377f3243e137db5f37491e5fd2b6cd9a66f89e29368b26d0be
Pushed /home/akafazov/src/github.com/platform-mesh/helm-charts/platform-mesh-operator-components-0.19.0.tgz to local oci registry

VERSION=0.19.0
APP_VERSION=0.0.0
IMAGE_NAME=
COMMIT=a176ed9555bf54d5b644019a70d65f569d7b1be7
IMAGE_REPO_SHA=
CHART_REPO=github.com/platform-mesh/platform-mesh-operator-components
COMPONENT_NAME=github.com/platform-mesh/platform-mesh-operator-components
CHART_OCI_PATH=oci://oci-registry-docker-registry.registry.svc.cluster.local/platform-mesh/platform-mesh-operator-components
LOCAL_CHART_PATH=../charts/platform-mesh-operator-components

Adding component: github.com/platform-mesh/platform-mesh-operator-components version 0.19.0
Using ocm-constructor-file: .ocm/component-constructor-chart-only.yaml
processing .ocm/component-constructor-chart-only.yaml...
  processing document 1...
    processing index 1
found 1 component
adding component github.com/platform-mesh/platform-mesh-operator-components:0.19.0...
  adding source git: "name"="chart","version"="0.19.0"...
  adding resource helmChart: "name"="chart","version"="0.19.0"...
Done: github.com/platform-mesh/platform-mesh-operator-components

Processing charts/keycloak-new
COMPONENT_NAME from component-constructor-prerelease.yaml: 'github.com/platform-mesh/keycloak-new'
Component: github.com/platform-mesh/keycloak-new (chart dir: charts/keycloak-new)
Pushing /home/akafazov/src/github.com/platform-mesh/helm-charts/keycloak-new-0.0.17.tgz to local oci registry...
Pushed: oci-registry-docker-registry.registry.svc.cluster.local/platform-mesh/keycloak-new:0.0.17
Digest: sha256:63e77d08fa4bb273942d3d5099df30bb7a6238013431d432271425cd17cd4bf1
Pushed /home/akafazov/src/github.com/platform-mesh/helm-charts/keycloak-new-0.0.17.tgz to local oci registry

VERSION=0.0.17
APP_VERSION=0.0.0
IMAGE_NAME=
COMMIT=a176ed9555bf54d5b644019a70d65f569d7b1be7
IMAGE_REPO_SHA=
CHART_REPO=github.com/platform-mesh/keycloak-new
COMPONENT_NAME=github.com/platform-mesh/keycloak-new
CHART_OCI_PATH=oci://oci-registry-docker-registry.registry.svc.cluster.local/platform-mesh/keycloak-new
LOCAL_CHART_PATH=../charts/keycloak-new

Adding component: github.com/platform-mesh/keycloak-new version 0.0.17
Using ocm-constructor-file: .ocm/component-constructor-chart-only.yaml
processing .ocm/component-constructor-chart-only.yaml...
  processing document 1...
    processing index 1
found 1 component
adding component github.com/platform-mesh/keycloak-new:0.0.17...
  adding source git: "name"="chart","version"="0.0.17"...
  adding resource helmChart: "name"="chart","version"="0.0.17"...
Done: github.com/platform-mesh/keycloak-new

Completed building custom local charts.
transferring component "github.com/kcp-dev/kcp-operator"...
  transferring version "github.com/kcp-dev/kcp-operator:0.1.1"...
    version "github.com/kcp-dev/kcp-operator:0.1.1" already present -> skip transport
transferring component "github.com/platform-mesh/extension-manager-operator"...
  transferring version "github.com/platform-mesh/extension-manager-operator:0.30.128"...
  warning:   version "github.com/platform-mesh/extension-manager-operator:0.30.128" already present, but differs because some artifact digests are changed (transport enforced by overwrite option)
  ...adding component version...
transferring component "github.com/platform-mesh/security-operator"...
  transferring version "github.com/platform-mesh/security-operator:0.11.3"...
  warning:   version "github.com/platform-mesh/security-operator:0.11.3" already present, but differs because some artifact digests are changed (transport enforced by overwrite option)
  ...adding component version...
transferring component "github.com/istio/istio/base"...
  transferring version "github.com/istio/istio/base:1.25.0"...
    version "github.com/istio/istio/base:1.25.0" already present -> skip transport
transferring component "github.com/openfga/openfga"...
  transferring version "github.com/openfga/openfga:0.2.38"...
    version "github.com/openfga/openfga:0.2.38" already present -> skip transport
transferring component "github.com/platform-mesh/infra"...
  transferring version "github.com/platform-mesh/infra:0.4.0"...
  warning:   version "github.com/platform-mesh/infra:0.4.0" already present, but differs because some artifact digests are changed (transport enforced by overwrite option)
  ...adding component version...
transferring component "github.com/platform-mesh/virtual-workspaces"...
  transferring version "github.com/platform-mesh/virtual-workspaces:0.2.4"...
  warning:   version "github.com/platform-mesh/virtual-workspaces:0.2.4" already present, but differs because some artifact digests are changed (transport enforced by overwrite option)
  ...adding component version...
transferring component "github.com/istio/istio/gateway"...
  transferring version "github.com/istio/istio/gateway:1.25.0"...
    version "github.com/istio/istio/gateway:1.25.0" already present -> skip transport
transferring component "github.com/platform-mesh/account-operator"...
  transferring version "github.com/platform-mesh/account-operator:0.9.28"...
  warning:   version "github.com/platform-mesh/account-operator:0.9.28" already present, but differs because some artifact digests are changed (transport enforced by overwrite option)
  ...adding component version...
transferring component "github.com/platform-mesh/kubernetes-graphql-gateway"...
  transferring version "github.com/platform-mesh/kubernetes-graphql-gateway:0.21.2"...
  warning:   version "github.com/platform-mesh/kubernetes-graphql-gateway:0.21.2" already present, but differs because some artifact digests are changed (transport enforced by overwrite option)
  ...adding component version...
transferring component "github.com/platform-mesh/prerelease"...
  transferring version "github.com/platform-mesh/prerelease:1.0.8"...
    version "github.com/platform-mesh/prerelease:1.0.8" already present -> skip transport
  transferring version "github.com/platform-mesh/prerelease:1.0.9"...
    version "github.com/platform-mesh/prerelease:1.0.9" already present -> skip transport
  transferring version "github.com/platform-mesh/prerelease:1.0.7"...
    version "github.com/platform-mesh/prerelease:1.0.7" already present -> skip transport
transferring component "github.com/crossplane/crossplane"...
  transferring version "github.com/crossplane/crossplane:1.9.2"...
    version "github.com/crossplane/crossplane:1.9.2" already present -> skip transport
transferring component "github.com/gardener/etcd-druid"...
  transferring version "github.com/gardener/etcd-druid:v0.31.0"...
    version "github.com/gardener/etcd-druid:v0.31.0" already present -> skip transport
transferring component "github.com/platform-mesh/keycloak-new"...
  transferring version "github.com/platform-mesh/keycloak-new:0.0.13"...
    version "github.com/platform-mesh/keycloak-new:0.0.13" already present -> skip transport
  transferring version "github.com/platform-mesh/keycloak-new:0.0.12"...
    version "github.com/platform-mesh/keycloak-new:0.0.12" already present -> skip transport
  transferring version "github.com/platform-mesh/keycloak-new:0.0.14"...
    version "github.com/platform-mesh/keycloak-new:0.0.14" already present -> skip transport
  transferring version "github.com/platform-mesh/keycloak-new:0.0.15"...
    version "github.com/platform-mesh/keycloak-new:0.0.15" already present -> skip transport
  transferring version "github.com/platform-mesh/keycloak-new:0.0.17"...
  warning:   version "github.com/platform-mesh/keycloak-new:0.0.17" already present, but differs because some artifact digests are changed (transport enforced by overwrite option)
  ...adding component version...
  transferring version "github.com/platform-mesh/keycloak-new:0.0.9"...
    version "github.com/platform-mesh/keycloak-new:0.0.9" already present -> skip transport
  transferring version "github.com/platform-mesh/keycloak-new:0.0.16"...
    version "github.com/platform-mesh/keycloak-new:0.0.16" already present -> skip transport
  transferring version "github.com/platform-mesh/keycloak-new:0.0.10"...
    version "github.com/platform-mesh/keycloak-new:0.0.10" already present -> skip transport
  transferring version "github.com/platform-mesh/keycloak-new:0.0.11"...
    version "github.com/platform-mesh/keycloak-new:0.0.11" already present -> skip transport
transferring component "github.com/platform-mesh/platform-mesh-operator"...
  transferring version "github.com/platform-mesh/platform-mesh-operator:0.5.33"...
  warning:   version "github.com/platform-mesh/platform-mesh-operator:0.5.33" already present, but differs because some artifact digests are changed (transport enforced by overwrite option)
  ...adding component version...
transferring component "github.com/platform-mesh/platform-mesh-operator-components"...
  transferring version "github.com/platform-mesh/platform-mesh-operator-components:0.19.0"...
  warning:   version "github.com/platform-mesh/platform-mesh-operator-components:0.19.0" already present, but differs because some artifact digests are changed (transport enforced by overwrite option)
  ...adding component version...
transferring component "github.com/platform-mesh/portal"...
  transferring version "github.com/platform-mesh/portal:0.1.18"...
    version "github.com/platform-mesh/portal:0.1.18" already present -> skip transport
transferring component "github.com/platform-mesh/rebac-authz-webhook"...
  transferring version "github.com/platform-mesh/rebac-authz-webhook:0.9.31"...
  warning:   version "github.com/platform-mesh/rebac-authz-webhook:0.9.31" already present, but differs because some artifact digests are changed (transport enforced by overwrite option)
  ...adding component version...
transferring component "github.com/istio/istio/istiod"...
  transferring version "github.com/istio/istio/istiod:1.25.0"...
    version "github.com/istio/istio/istiod:1.25.0" already present -> skip transport
Using LOCAL chartDir version for account-operator -> 0.9.28
Using LOCAL chartDir version for security-operator -> 0.11.3
Using LOCAL chartDir version for extension-manager-operator -> 0.30.128
Using LOCAL chartDir version for infra -> 0.4.0
Using LOCAL chartDir version for rebac-authz-webhook -> 0.9.31
Using FIXED override version for portal -> 0.0.52
transferring version "github.com/platform-mesh/portal:0.0.52"...
  version "github.com/platform-mesh/portal:0.0.52" already present -> skip transport
1 versions transferred
Using LOCAL chartDir version for platform-mesh-operator -> 0.5.33
Using LOCAL chartDir version for kubernetes-graphql-gateway -> 0.21.2
Using LOCAL chartDir version for virtual-workspaces -> 0.2.4
Using LOCAL chartDir version for keycloak-new -> 0.0.17
Using LOCAL chartDir version for platform-mesh-operator-components -> 0.19.0
--- finished getting component versions ---
processing .ocm/component-constructor-prerelease.yaml...
  processing document 1...
    processing index 1
    processing index 2
    processing index 3
    processing index 4
    processing index 5
    processing index 6
    processing index 7
    processing index 8
found 8 components
adding component github.com/crossplane/crossplane:1.9.2...
  adding resource helmChart: "name"="chart","version"="1.9.2"...
adding component github.com/istio/istio/base:1.25.0...
  adding resource helmChart: "name"="chart","version"="1.25.0"...
adding component github.com/istio/istio/istiod:1.25.0...
  adding resource helmChart: "name"="chart","version"="1.25.0"...
adding component github.com/openfga/openfga:0.2.38...
  adding resource helmChart: "name"="chart","version"="0.2.38"...
adding component github.com/istio/istio/gateway:1.25.0...
  adding resource helmChart: "name"="chart","version"="1.25.0"...
adding component github.com/kcp-dev/kcp-operator:0.1.1...
  adding resource helmChart: "name"="chart","version"="0.1.1"...
adding component github.com/gardener/etcd-druid:v0.31.0...
  adding resource helmChart: "name"="chart","version"="0.1.0"...
  adding resource ociImage: "name"="image","version"="v0.31.0"...
adding component github.com/platform-mesh/prerelease:1.0.9...
  adding reference github.com/platform-mesh/account-operator: "name"="account-operator","version"="0.9.28"...
  adding reference github.com/crossplane/crossplane: "name"="crossplane","version"="1.9.2"...
  adding reference github.com/gardener/etcd-druid: "name"="etcd-druid","version"="v0.31.0"...
  adding reference github.com/platform-mesh/extension-manager-operator: "name"="extension-manager-operator","version"="0.30.128"...
  adding reference github.com/platform-mesh/infra: "name"="infra","version"="0.4.0"...
  adding reference github.com/istio/istio/base: "name"="istio-base","version"="1.25.0"...
  adding reference github.com/istio/istio/istiod: "name"="istio-istiod","version"="1.25.0"...
  adding reference github.com/istio/istio/gateway: "name"="istio-gateway","version"="1.25.0"...
  adding reference github.com/platform-mesh/keycloak-new: "name"="keycloak-new","version"="0.0.17"...
  adding reference github.com/kcp-dev/kcp-operator: "name"="kcp-operator","version"="0.1.1"...
  adding reference github.com/platform-mesh/kubernetes-graphql-gateway: "name"="kubernetes-graphql-gateway","version"="0.21.2"...
  adding reference github.com/platform-mesh/rebac-authz-webhook: "name"="rebac-authz-webhook","version"="0.9.31"...
  adding reference github.com/platform-mesh/security-operator: "name"="security-operator","version"="0.11.3"...
  adding reference github.com/openfga/openfga: "name"="openfga","version"="0.2.38"...
  adding reference github.com/platform-mesh/platform-mesh-operator: "name"="platform-mesh-operator","version"="0.5.33"...
  adding reference github.com/platform-mesh/portal: "name"="portal","version"="0.0.52"...
  adding reference github.com/platform-mesh/virtual-workspaces: "name"="virtual-workspaces","version"="0.2.4"...
  adding reference github.com/platform-mesh/platform-mesh-operator-components: "name"="platform-mesh-operator-components","version"="0.19.0"...

Built prerelease component version 1.0.9 (local overrides: account-operator,security-operator,extension-manager-operator,infra,rebac-authz-webhook,platform-mesh,platform-mesh-operator,kubernetes-graphql-gateway,virtual-workspaces,platform-mesh-operator-components,keycloak-new)
transferring component "github.com/platform-mesh/account-operator"...
  transferring version "github.com/platform-mesh/account-operator:0.9.28"...
    version "github.com/platform-mesh/account-operator:0.9.28" already present -> skip transport
transferring component "github.com/platform-mesh/keycloak-new"...
  transferring version "github.com/platform-mesh/keycloak-new:0.0.11"...
    version "github.com/platform-mesh/keycloak-new:0.0.11" already present -> skip transport
  transferring version "github.com/platform-mesh/keycloak-new:0.0.16"...
    version "github.com/platform-mesh/keycloak-new:0.0.16" already present -> skip transport
  transferring version "github.com/platform-mesh/keycloak-new:0.0.17"...
    version "github.com/platform-mesh/keycloak-new:0.0.17" already present -> skip transport
  transferring version "github.com/platform-mesh/keycloak-new:0.0.9"...
    version "github.com/platform-mesh/keycloak-new:0.0.9" already present -> skip transport
  transferring version "github.com/platform-mesh/keycloak-new:0.0.10"...
    version "github.com/platform-mesh/keycloak-new:0.0.10" already present -> skip transport
  transferring version "github.com/platform-mesh/keycloak-new:0.0.12"...
    version "github.com/platform-mesh/keycloak-new:0.0.12" already present -> skip transport
  transferring version "github.com/platform-mesh/keycloak-new:0.0.13"...
    version "github.com/platform-mesh/keycloak-new:0.0.13" already present -> skip transport
  transferring version "github.com/platform-mesh/keycloak-new:0.0.14"...
    version "github.com/platform-mesh/keycloak-new:0.0.14" already present -> skip transport
  transferring version "github.com/platform-mesh/keycloak-new:0.0.15"...
    version "github.com/platform-mesh/keycloak-new:0.0.15" already present -> skip transport
transferring component "github.com/platform-mesh/platform-mesh-operator-components"...
  transferring version "github.com/platform-mesh/platform-mesh-operator-components:0.19.0"...
    version "github.com/platform-mesh/platform-mesh-operator-components:0.19.0" already present -> skip transport
transferring component "github.com/platform-mesh/rebac-authz-webhook"...
  transferring version "github.com/platform-mesh/rebac-authz-webhook:0.9.31"...
    version "github.com/platform-mesh/rebac-authz-webhook:0.9.31" already present -> skip transport
transferring component "github.com/istio/istio/gateway"...
  transferring version "github.com/istio/istio/gateway:1.25.0"...
    version "github.com/istio/istio/gateway:1.25.0" already present -> skip transport
transferring component "github.com/kcp-dev/kcp-operator"...
  transferring version "github.com/kcp-dev/kcp-operator:0.1.1"...
    version "github.com/kcp-dev/kcp-operator:0.1.1" already present -> skip transport
transferring component "github.com/openfga/openfga"...
  transferring version "github.com/openfga/openfga:0.2.38"...
    version "github.com/openfga/openfga:0.2.38" already present -> skip transport
transferring component "github.com/platform-mesh/extension-manager-operator"...
  transferring version "github.com/platform-mesh/extension-manager-operator:0.30.128"...
    version "github.com/platform-mesh/extension-manager-operator:0.30.128" already present -> skip transport
transferring component "github.com/crossplane/crossplane"...
  transferring version "github.com/crossplane/crossplane:1.9.2"...
    version "github.com/crossplane/crossplane:1.9.2" already present -> skip transport
transferring component "github.com/platform-mesh/platform-mesh-operator"...
  transferring version "github.com/platform-mesh/platform-mesh-operator:0.5.33"...
    version "github.com/platform-mesh/platform-mesh-operator:0.5.33" already present -> skip transport
transferring component "github.com/platform-mesh/prerelease"...
  transferring version "github.com/platform-mesh/prerelease:1.0.7"...
    version "github.com/platform-mesh/prerelease:1.0.7" already present -> skip transport
  transferring version "github.com/platform-mesh/prerelease:1.0.8"...
    version "github.com/platform-mesh/prerelease:1.0.8" already present -> skip transport
  transferring version "github.com/platform-mesh/prerelease:1.0.9"...
    version "github.com/platform-mesh/prerelease:1.0.9" already present -> skip transport
transferring component "github.com/platform-mesh/security-operator"...
  transferring version "github.com/platform-mesh/security-operator:0.11.3"...
    version "github.com/platform-mesh/security-operator:0.11.3" already present -> skip transport
transferring component "github.com/gardener/etcd-druid"...
  transferring version "github.com/gardener/etcd-druid:v0.31.0"...
    version "github.com/gardener/etcd-druid:v0.31.0" already present -> skip transport
transferring component "github.com/istio/istio/base"...
  transferring version "github.com/istio/istio/base:1.25.0"...
    version "github.com/istio/istio/base:1.25.0" already present -> skip transport
transferring component "github.com/platform-mesh/infra"...
  transferring version "github.com/platform-mesh/infra:0.4.0"...
    version "github.com/platform-mesh/infra:0.4.0" already present -> skip transport
transferring component "github.com/platform-mesh/kubernetes-graphql-gateway"...
  transferring version "github.com/platform-mesh/kubernetes-graphql-gateway:0.21.2"...
    version "github.com/platform-mesh/kubernetes-graphql-gateway:0.21.2" already present -> skip transport
transferring component "github.com/platform-mesh/portal"...
  transferring version "github.com/platform-mesh/portal:0.1.18"...
    version "github.com/platform-mesh/portal:0.1.18" already present -> skip transport
transferring component "github.com/platform-mesh/virtual-workspaces"...
  transferring version "github.com/platform-mesh/virtual-workspaces:0.2.4"...
    version "github.com/platform-mesh/virtual-workspaces:0.2.4" already present -> skip transport
transferring component "github.com/istio/istio/istiod"...
  transferring version "github.com/istio/istio/istiod:1.25.0"...
    version "github.com/istio/istio/istiod:1.25.0" already present -> skip transport
